2022-05-24 14:09:19.585 [INFO] [restartedMain] [c.e.e.EmployeePayrollAppApplication:55] Starting EmployeePayrollAppApplication using Java 17.0.3 on DESKTOP-6AQCNFP with PID 12184 (C:\Users\Admin\Desktop\SpringPrograms\EmployeePayrollApp\target\classes started by Admin in C:\Users\Admin\Desktop\SpringPrograms\EmployeePayrollApp)
2022-05-24 14:09:19.586 [DEBUG] [restartedMain] [c.e.e.EmployeePayrollAppApplication:56] Running with Spring Boot v2.7.0, Spring v5.3.20
2022-05-24 14:09:19.587 [INFO] [restartedMain] [c.e.e.EmployeePayrollAppApplication:640] The following 1 profile is active: "prod"
2022-05-24 14:09:23.329 [WARN] [restartedMain] [o.s.b.a.o.j.JpaBaseConfiguration$JpaWebConfiguration:219] spring.jpa.open-in-view is enabled by default. Therefore, database queries may be performed during view rendering. Explicitly configure spring.jpa.open-in-view to disable this warning
2022-05-24 14:09:23.836 [INFO] [restartedMain] [c.e.e.EmployeePayrollAppApplication:61] Started EmployeePayrollAppApplication in 4.884 seconds (JVM running for 6.257)
2022-05-24 14:09:23.840 [INFO] [restartedMain] [c.e.e.EmployeePayrollAppApplication:14] Employee Payroll App started in PROD environment
2022-05-24 14:12:47.219 [WARN] [http-nio-8080-exec-1] [o.s.w.s.m.s.DefaultHandlerExceptionResolver:208] Resolved [org.springframework.web.bind.MethodArgumentNotValidException: Validation failed for argument [0] in public org.springframework.http.ResponseEntity<com.example.employeepayrollapp.dto.ResponseDTO> com.example.employeepayrollapp.controller.EmployeePayrollRestController.addEmployeePayrollData(com.example.employeepayrollapp.dto.EmployeePayrollDTO) with 2 errors: [Field error in object 'employeePayrollDTO' on field 'name': rejected value []; codes [Pattern.employeePayrollDTO.name,Pattern.name,Pattern]; arguments [org.springframework.context.support.DefaultMessageSourceResolvable: codes [employeePayrollDTO.name,name]; arguments []; default message [name],[Ljavax.validation.constraints.Pattern$Flag;@2299f464,^[A-Z]{1}[a-zA-Z\s]{2,}$]; default message [Employee name is INVALID]] [Field error in object 'employeePayrollDTO' on field 'name': rejected value []; codes [NotEmpty.employeePayrollDTO.name,NotEmpty.name,NotEmpty]; arguments [org.springframework.context.support.DefaultMessageSourceResolvable: codes [employeePayrollDTO.name,name]; arguments []; default message [name]]; default message [Employee name cannot be null]] ]
2022-05-24 14:14:04.947 [WARN] [http-nio-8080-exec-4] [o.s.w.s.m.s.DefaultHandlerExceptionResolver:208] Resolved [org.springframework.web.bind.MethodArgumentNotValidException: Validation failed for argument [0] in public org.springframework.http.ResponseEntity<com.example.employeepayrollapp.dto.ResponseDTO> com.example.employeepayrollapp.controller.EmployeePayrollRestController.addEmployeePayrollData(com.example.employeepayrollapp.dto.EmployeePayrollDTO) with 3 errors: [Field error in object 'employeePayrollDTO' on field 'name': rejected value []; codes [Pattern.employeePayrollDTO.name,Pattern.name,Pattern]; arguments [org.springframework.context.support.DefaultMessageSourceResolvable: codes [employeePayrollDTO.name,name]; arguments []; default message [name],[Ljavax.validation.constraints.Pattern$Flag;@2299f464,^[A-Z]{1}[a-zA-Z\s]{2,}$]; default message [Employee name is INVALID]] [Field error in object 'employeePayrollDTO' on field 'salary': rejected value [50]; codes [Min.employeePayrollDTO.salary,Min.salary,Min]; arguments [org.springframework.context.support.DefaultMessageSourceResolvable: codes [employeePayrollDTO.salary,salary]; arguments []; default message [salary],500]; default message [Min wage should be more than 500]] [Field error in object 'employeePayrollDTO' on field 'name': rejected value []; codes [NotEmpty.employeePayrollDTO.name,NotEmpty.name,NotEmpty]; arguments [org.springframework.context.support.DefaultMessageSourceResolvable: codes [employeePayrollDTO.name,name]; arguments []; default message [name]]; default message [Employee name cannot be null]] ]
2022-05-24 14:15:33.101 [INFO] [restartedMain] [c.e.e.EmployeePayrollAppApplication:55] Starting EmployeePayrollAppApplication using Java 17.0.3 on DESKTOP-6AQCNFP with PID 1816 (C:\Users\Admin\Desktop\SpringPrograms\EmployeePayrollApp\target\classes started by Admin in C:\Users\Admin\Desktop\SpringPrograms\EmployeePayrollApp)
2022-05-24 14:15:33.103 [DEBUG] [restartedMain] [c.e.e.EmployeePayrollAppApplication:56] Running with Spring Boot v2.7.0, Spring v5.3.20
2022-05-24 14:15:33.104 [INFO] [restartedMain] [c.e.e.EmployeePayrollAppApplication:640] The following 1 profile is active: "prod"
2022-05-24 14:15:36.637 [WARN] [restartedMain] [o.s.b.a.o.j.JpaBaseConfiguration$JpaWebConfiguration:219] spring.jpa.open-in-view is enabled by default. Therefore, database queries may be performed during view rendering. Explicitly configure spring.jpa.open-in-view to disable this warning
2022-05-24 14:15:37.448 [INFO] [restartedMain] [c.e.e.EmployeePayrollAppApplication:61] Started EmployeePayrollAppApplication in 5.024 seconds (JVM running for 6.232)
2022-05-24 14:15:37.455 [INFO] [restartedMain] [c.e.e.EmployeePayrollAppApplication:14] Employee Payroll App started in PROD environment
2022-05-24 14:16:34.080 [INFO] [restartedMain] [c.e.e.EmployeePayrollAppApplication:55] Starting EmployeePayrollAppApplication using Java 17.0.3 on DESKTOP-6AQCNFP with PID 13472 (C:\Users\Admin\Desktop\SpringPrograms\EmployeePayrollApp\target\classes started by Admin in C:\Users\Admin\Desktop\SpringPrograms\EmployeePayrollApp)
2022-05-24 14:16:34.082 [DEBUG] [restartedMain] [c.e.e.EmployeePayrollAppApplication:56] Running with Spring Boot v2.7.0, Spring v5.3.20
2022-05-24 14:16:34.083 [INFO] [restartedMain] [c.e.e.EmployeePayrollAppApplication:640] The following 1 profile is active: "prod"
2022-05-24 14:16:37.494 [WARN] [restartedMain] [o.s.b.a.o.j.JpaBaseConfiguration$JpaWebConfiguration:219] spring.jpa.open-in-view is enabled by default. Therefore, database queries may be performed during view rendering. Explicitly configure spring.jpa.open-in-view to disable this warning
2022-05-24 14:16:38.018 [INFO] [restartedMain] [c.e.e.EmployeePayrollAppApplication:61] Started EmployeePayrollAppApplication in 4.624 seconds (JVM running for 6.132)
2022-05-24 14:16:38.023 [INFO] [restartedMain] [c.e.e.EmployeePayrollAppApplication:14] Employee Payroll App started in PROD environment
2022-05-24 14:17:01.324 [WARN] [http-nio-8080-exec-1] [o.s.w.s.m.s.DefaultHandlerExceptionResolver:208] Resolved [org.springframework.web.bind.MethodArgumentNotValidException: Validation failed for argument [0] in public org.springframework.http.ResponseEntity<com.example.employeepayrollapp.dto.ResponseDTO> com.example.employeepayrollapp.controller.EmployeePayrollRestController.addEmployeePayrollData(com.example.employeepayrollapp.dto.EmployeePayrollDTO): [Field error in object 'employeePayrollDTO' on field 'name': rejected value [saiprakash]; codes [Pattern.employeePayrollDTO.name,Pattern.name,Pattern]; arguments [org.springframework.context.support.DefaultMessageSourceResolvable: codes [employeePayrollDTO.name,name]; arguments []; default message [name],[Ljavax.validation.constraints.Pattern$Flag;@2c9c1be8,^[A-Z]{1}[a-zA-Z\s]{2,}$]; default message [Employee name is INVALID]] ]
2022-05-24 17:56:48.824 [INFO] [restartedMain] [c.e.e.EmployeePayrollAppApplication:55] Starting EmployeePayrollAppApplication using Java 17.0.3 on DESKTOP-6AQCNFP with PID 11124 (C:\Users\Admin\Desktop\SpringPrograms\EmployeePayrollApp\target\classes started by Admin in C:\Users\Admin\Desktop\SpringPrograms\EmployeePayrollApp)
2022-05-24 17:56:48.826 [DEBUG] [restartedMain] [c.e.e.EmployeePayrollAppApplication:56] Running with Spring Boot v2.7.0, Spring v5.3.20
2022-05-24 17:56:48.827 [INFO] [restartedMain] [c.e.e.EmployeePayrollAppApplication:640] The following 1 profile is active: "prod"
2022-05-24 17:56:52.124 [WARN] [restartedMain] [o.s.b.a.o.j.JpaBaseConfiguration$JpaWebConfiguration:219] spring.jpa.open-in-view is enabled by default. Therefore, database queries may be performed during view rendering. Explicitly configure spring.jpa.open-in-view to disable this warning
2022-05-24 17:56:52.552 [INFO] [restartedMain] [c.e.e.EmployeePayrollAppApplication:61] Started EmployeePayrollAppApplication in 4.398 seconds (JVM running for 5.555)
2022-05-24 17:56:52.559 [INFO] [restartedMain] [c.e.e.EmployeePayrollAppApplication:14] Employee Payroll App started in PROD environment
2022-05-24 17:57:08.722 [INFO] [restartedMain] [c.e.e.EmployeePayrollAppApplication:55] Starting EmployeePayrollAppApplication using Java 17.0.3 on DESKTOP-6AQCNFP with PID 148 (C:\Users\Admin\Desktop\SpringPrograms\EmployeePayrollApp\target\classes started by Admin in C:\Users\Admin\Desktop\SpringPrograms\EmployeePayrollApp)
2022-05-24 17:57:08.723 [DEBUG] [restartedMain] [c.e.e.EmployeePayrollAppApplication:56] Running with Spring Boot v2.7.0, Spring v5.3.20
2022-05-24 17:57:08.724 [INFO] [restartedMain] [c.e.e.EmployeePayrollAppApplication:640] The following 1 profile is active: "prod"
2022-05-24 17:57:12.197 [WARN] [restartedMain] [o.s.b.a.o.j.JpaBaseConfiguration$JpaWebConfiguration:219] spring.jpa.open-in-view is enabled by default. Therefore, database queries may be performed during view rendering. Explicitly configure spring.jpa.open-in-view to disable this warning
2022-05-24 17:57:12.633 [INFO] [restartedMain] [c.e.e.EmployeePayrollAppApplication:61] Started EmployeePayrollAppApplication in 4.557 seconds (JVM running for 5.631)
2022-05-24 17:57:12.639 [INFO] [restartedMain] [c.e.e.EmployeePayrollAppApplication:14] Employee Payroll App started in PROD environment
